<?xml version="1.0" encoding="UTF-8"?>
<testsuite xmlns:xsi="http://www.w3.org/2001/XMLSchema-instance" xsi:noNamespaceSchemaLocation="https://maven.apache.org/surefire/maven-surefire-plugin/xsd/surefire-test-report-3.0.xsd" version="3.0" name="com.modeling.ExampleResourceTest" time="7.302" tests="1" errors="0" skipped="0" failures="0">
  <properties>
[...]
</properties>
  <testcase name="testHelloEndpoint" classname="com.modeling.ExampleResourceTest" time="1.502">
    <system-out><![CDATA[2021-03-12 19:56:30,680 INFO  [io.quarkus] (main) Quarkus 1.12.2.Final on JVM started in 2.607s. Listening on: http://localhost:8081
2021-03-12 19:56:30,682 INFO  [io.quarkus] (main) Profile test activated. 
2021-03-12 19:56:30,682 INFO  [io.quarkus] (main) Installed features: [cdi, rest-client, rest-client-jsonb, resteasy, resteasy-jsonb]
]]></system-out>
  </testcase>
</testsuite>